<?xml version="1.0" encoding="UTF-8"?>
<!-- Generated by org.testng.reporters.JUnitReportReporter -->
<testsuite hostname="LAPTOP-APP06KDG" failures="0" tests="1" name="com.sucharita.learningSelennium.FirstSelenniumSession" time="7.490" errors="0" timestamp="2023-06-06T13:34:27 EDT" skipped="0">
  <testcase classname="com.sucharita.learningSelennium.FirstSelenniumSession" name="validateLogin" time="7.490"/>
  <system-out/>
</testsuite> <!-- com.sucharita.learningSelennium.FirstSelenniumSession -->
