<?xml version="1.0" encoding="UTF-8"?>
<!-- Generated by org.testng.reporters.JUnitReportReporter -->
<testsuite hostname="LAPTOP-APP06KDG" failures="0" tests="1" name="com.sucharita.learningSelennium.Assignment1Logout" time="8.092" errors="0" timestamp="2023-06-11T18:14:26 EDT" skipped="0">
  <testcase classname="com.sucharita.learningSelennium.Assignment1Logout" name="logoutFromAccount" time="8.092"/>
  <system-out/>
</testsuite> <!-- com.sucharita.learningSelennium.Assignment1Logout -->
