<?xml version="1.0" encoding="UTF-8"?>
<!-- Generated by org.testng.reporters.JUnitReportReporter -->
<testsuite hostname="LAPTOP-APP06KDG" failures="0" tests="1" name="com.sucharita.learningSelennium.FirstSelenniumSessionClear" time="4.134" errors="0" timestamp="2023-06-08T19:03:03 EDT" skipped="0">
  <testcase classname="com.sucharita.learningSelennium.FirstSelenniumSessionClear" name="validateSubmitWithMessage" time="4.134"/>
  <system-out/>
</testsuite> <!-- com.sucharita.learningSelennium.FirstSelenniumSessionClear -->
