<?xml version="1.0" encoding="UTF-8"?>
<!-- Generated by org.testng.reporters.JUnitReportReporter -->
<testsuite hostname="LAPTOP-APP06KDG" failures="0" tests="2" name="com.naveenautomationlabs.AutomationFramework.WishListTest" time="31.096" errors="0" timestamp="2023-06-29T14:47:51 EDT" skipped="1">
  <testcase classname="com.naveenautomationlabs.AutomationFramework.WishListTest" name="validateAddToWishListTable" time="31.096"/>
  <system-out/>
  <testcase classname="com.naveenautomationlabs.AutomationFramework.WishListTest" name="validateAddToWishList">
    <skipped/>
  </testcase> <!-- validateAddToWishList -->
  <system-out/>
</testsuite> <!-- com.naveenautomationlabs.AutomationFramework.WishListTest -->
