<?xml version="1.0" encoding="UTF-8"?>
<!-- Generated by org.testng.reporters.JUnitReportReporter -->
<testsuite hostname="LAPTOP-APP06KDG" failures="0" tests="1" name="com.naveenautomationlabs.AutomationFramework.AppTest" time="5.789" errors="0" timestamp="2023-06-15T12:16:32 EDT" skipped="0">
  <testcase classname="com.naveenautomationlabs.AutomationFramework.AppTest" name="test1" time="5.789"/>
  <system-out/>
</testsuite> <!-- com.naveenautomationlabs.AutomationFramework.AppTest -->
