<?xml version="1.0" encoding="UTF-8"?>
<!-- Generated by org.testng.reporters.JUnitReportReporter -->
<testsuite hostname="LAPTOP-APP06KDG" failures="0" tests="5" name="com.naveenautomationlabs.AutomationFramework.YourStoreTest" time="15.510" errors="0" timestamp="2023-07-05T19:50:38 EDT" skipped="3">
  <testcase classname="com.naveenautomationlabs.AutomationFramework.YourStoreTest" name="validateLoginUsingValidCredentials" time="7.482"/>
  <system-out/>
  <testcase classname="com.naveenautomationlabs.AutomationFramework.YourStoreTest" name="validateSearchProduct" time="8.028"/>
  <system-out/>
  <testcase classname="com.naveenautomationlabs.AutomationFramework.YourStoreTest" name="testFailure">
    <skipped/>
  </testcase> <!-- testFailure -->
  <system-out/>
  <testcase classname="com.naveenautomationlabs.AutomationFramework.YourStoreTest" name="testMovingDots">
    <skipped/>
  </testcase> <!-- testMovingDots -->
  <system-out/>
  <testcase classname="com.naveenautomationlabs.AutomationFramework.YourStoreTest" name="vaidateMovingElement">
    <skipped/>
  </testcase> <!-- vaidateMovingElement -->
  <system-out/>
</testsuite> <!-- com.naveenautomationlabs.AutomationFramework.YourStoreTest -->
