<?xml version="1.0" encoding="UTF-8"?>
<!-- Generated by org.testng.reporters.JUnitReportReporter -->
<testsuite hostname="LAPTOP-APP06KDG" failures="0" tests="3" name="com.naveenautomationlabs.AutomationFramework.MyWishListTest" time="11.107" errors="0" timestamp="2023-06-29T18:32:04 EDT" skipped="2">
  <testcase classname="com.naveenautomationlabs.AutomationFramework.MyWishListTest" name="validateAddToWishListTable" time="11.107"/>
  <system-out/>
  <testcase classname="com.naveenautomationlabs.AutomationFramework.MyWishListTest" name="validateLoginUsingValidCredentials">
    <skipped/>
  </testcase> <!-- validateLoginUsingValidCredentials -->
  <system-out/>
  <testcase classname="com.naveenautomationlabs.AutomationFramework.MyWishListTest" name="validateAddToWishList">
    <skipped/>
  </testcase> <!-- validateAddToWishList -->
  <system-out/>
</testsuite> <!-- com.naveenautomationlabs.AutomationFramework.MyWishListTest -->
