<?xml version="1.0" encoding="UTF-8"?>
<!-- Generated by org.testng.reporters.JUnitReportReporter -->
<testsuite hostname="LAPTOP-APP06KDG" failures="0" tests="1" name="com.naveenautomationlabs.AutomationFramework.AccountLoginTest" time="8.259" errors="0" timestamp="2023-06-23T11:23:30 EDT" skipped="0">
  <testcase classname="com.naveenautomationlabs.AutomationFramework.AccountLoginTest" name="validateLoginUsingValidCredentials" time="8.259"/>
  <system-out/>
</testsuite> <!-- com.naveenautomationlabs.AutomationFramework.AccountLoginTest -->
