<?xml version="1.0" encoding="UTF-8"?>
<!-- Generated by org.testng.reporters.JUnitReportReporter -->
<testsuite hostname="LAPTOP-APP06KDG" failures="0" tests="1" name="com.demonopcommerce.AutomationFRamework.CheckOutPageTest" time="13.829" errors="0" timestamp="2023-06-22T11:41:18 EDT" skipped="0">
  <testcase classname="com.demonopcommerce.AutomationFRamework.CheckOutPageTest" name="validateShoppingWithRegisterLogin" time="13.829"/>
  <system-out/>
</testsuite> <!-- com.demonopcommerce.AutomationFRamework.CheckOutPageTest -->
