<?xml version="1.0" encoding="UTF-8"?>
<!-- Generated by org.testng.reporters.JUnitReportReporter -->
<testsuite hostname="LAPTOP-APP06KDG" failures="0" tests="1" name="com.naveenautomationlabs.AutomationFramework.CartTest" time="7.280" errors="0" timestamp="2023-07-05T19:50:38 EDT" skipped="0">
  <testcase classname="com.naveenautomationlabs.AutomationFramework.CartTest" name="testAddToCart" time="7.280"/>
  <system-out/>
</testsuite> <!-- com.naveenautomationlabs.AutomationFramework.CartTest -->
