<?xml version="1.0" encoding="UTF-8"?>
<!-- Generated by org.testng.reporters.JUnitReportReporter -->
<testsuite hostname="LAPTOP-APP06KDG" failures="0" tests="1" name="com.sucharita.learningSelennium.Assignment1ChangePassword" time="8.387" errors="0" timestamp="2023-06-11T19:02:48 EDT" skipped="0">
  <testcase classname="com.sucharita.learningSelennium.Assignment1ChangePassword" name="validatePasswordChangeWithWeakPassword" time="8.387"/>
  <system-out/>
</testsuite> <!-- com.sucharita.learningSelennium.Assignment1ChangePassword -->
