<?xml version="1.0" encoding="UTF-8"?>
<!-- Generated by org.testng.reporters.JUnitReportReporter -->
<testsuite hostname="LAPTOP-APP06KDG" failures="0" tests="1" name="com.sucharita.learningSelennium.Assignment1Login" time="7.152" errors="0" timestamp="2023-06-11T11:08:53 EDT" skipped="0">
  <testcase classname="com.sucharita.learningSelennium.Assignment1Login" name="validateLoginWithCorrectDetails" time="7.152"/>
  <system-out/>
</testsuite> <!-- com.sucharita.learningSelennium.Assignment1Login -->
