<?xml version="1.0" encoding="UTF-8"?>
<!-- Generated by org.testng.reporters.JUnitReportReporter -->
<testsuite hostname="LAPTOP-APP06KDG" failures="0" tests="1" name="com.sucharita.learningSelennium.FirstSelenniumSession2" time="12.728" errors="0" timestamp="2023-06-08T10:05:28 EDT" skipped="0">
  <testcase classname="com.sucharita.learningSelennium.FirstSelenniumSession2" name="validateSubmitWithMessage" time="12.728"/>
  <system-out/>
</testsuite> <!-- com.sucharita.learningSelennium.FirstSelenniumSession2 -->
