<?xml version="1.0" encoding="UTF-8"?>
<!-- Generated by org.testng.reporters.JUnitReportReporter -->
<testsuite hostname="LAPTOP-APP06KDG" failures="0" tests="1" name="com.sucharita.learningSelennium.FirstSelenniumSessionWait" time="12.496" errors="0" timestamp="2023-06-08T19:10:49 EDT" skipped="0">
  <testcase classname="com.sucharita.learningSelennium.FirstSelenniumSessionWait" name="validateSubmitWithMessage" time="12.496"/>
  <system-out/>
</testsuite> <!-- com.sucharita.learningSelennium.FirstSelenniumSessionWait -->
