<?xml version="1.0" encoding="UTF-8"?>
<!-- Generated by org.testng.reporters.JUnitReportReporter -->
<testsuite hostname="LAPTOP-APP06KDG" failures="0" tests="1" name="com.demonopcommerce.AutomationFRamework.CheckOutPageTest" time="15.105" errors="0" timestamp="2023-06-18T17:45:31 EDT" skipped="0">
  <testcase classname="com.demonopcommerce.AutomationFRamework.CheckOutPageTest" name="validateShoppingWithRegisterLogin" time="15.105"/>
  <system-out/>
</testsuite> <!-- com.demonopcommerce.AutomationFRamework.CheckOutPageTest -->
