<?xml version="1.0" encoding="UTF-8"?>
<!-- Generated by org.testng.reporters.JUnitReportReporter -->
<testsuite hostname="LAPTOP-APP06KDG" failures="0" tests="3" name="demoTestNG.FirstClassTestNG" time="0.009" errors="0" timestamp="30 May 2023 14:14:12 GMT" skipped="0">
  <testcase classname="demoTestNG.FirstClassTestNG" name="test3" time="0.003"/>
  <testcase classname="demoTestNG.FirstClassTestNG" name="test2" time="0.005"/>
  <testcase classname="demoTestNG.FirstClassTestNG" name="test1" time="0.001"/>
</testsuite> <!-- demoTestNG.FirstClassTestNG -->
