<?xml version="1.0" encoding="UTF-8"?>
<!-- Generated by org.testng.reporters.JUnitReportReporter -->
<testsuite hostname="LAPTOP-APP06KDG" failures="0" tests="3" name="demoTestNG.FirstClass" time="0.012" errors="0" timestamp="30 May 2023 13:42:18 GMT" skipped="0">
  <testcase classname="demoTestNG.FirstClass" name="test2" time="0.003"/>
  <testcase classname="demoTestNG.FirstClass" name="test3" time="0.007"/>
  <testcase classname="demoTestNG.FirstClass" name="test1" time="0.002"/>
</testsuite> <!-- demoTestNG.FirstClass -->
