<?xml version="1.0" encoding="UTF-8"?>
<!-- Generated by org.testng.reporters.JUnitReportReporter -->
<testsuite hostname="LAPTOP-APP06KDG" failures="0" tests="6" name="com.sucharita.JiraApi.JiraAPICloudTest1" time="4.144" errors="0" timestamp="30 Jul. 2023 21:28:57 GMT" skipped="0">
  <testcase classname="com.sucharita.JiraApi.JiraAPICloudTest1" name="setup" time="0.004"/>
  <testcase classname="com.sucharita.JiraApi.JiraAPICloudTest1" name="testGetProjects" time="1.164"/>
  <testcase classname="com.sucharita.JiraApi.JiraAPICloudTest1" name="testGetIssueUsingID" time="0.793"/>
  <testcase classname="com.sucharita.JiraApi.JiraAPICloudTest1" name="testCreateIssue" time="1.174"/>
  <testcase classname="com.sucharita.JiraApi.JiraAPICloudTest1" name="testEditIssue" time="0.435"/>
  <testcase classname="com.sucharita.JiraApi.JiraAPICloudTest1" name="testDeleteIssueUsingID" time="0.574"/>
</testsuite> <!-- com.sucharita.JiraApi.JiraAPICloudTest1 -->
